<?xml version="1.0" encoding="UTF-8" standalone="no"?><testsuite errors="1" failures="0" name="Challenge Sistecredito" skipped="0" tests="1" time="27.85" timestamp="2022-03-30 03:00:12"><testcase name="Enter products and finalize purchase"><error message="Step [it shows the process of the purchase completed successfully] is defined with 1 parameters at 'retosistecredito.stepdefinitions.retoSistecreditoStepDefinitions.itShowsTheProcessOfThePurchaseCompletedSuccessfully(java.lang.String)'.&#10;However, the gherkin step has 0 arguments.&#10;Step text: it shows the process of the purchase completed successfully" type="io.cucumber.core.exception.CucumberException">Step [it shows the process of the purchase completed successfully] is defined with 1 parameters at 'retosistecredito.stepdefinitions.retoSistecreditoStepDefinitions.itShowsTheProcessOfThePurchaseCompletedSuccessfully(java.lang.String)'.
However, the gherkin step has 0 arguments.
Step text: it shows the process of the purchase completed successfully</error><system-err>Step [it shows the process of the purchase completed successfully] is defined with 1 parameters at 'retosistecredito.stepdefinitions.retoSistecreditoStepDefinitions.itShowsTheProcessOfThePurchaseCompletedSuccessfully(java.lang.String)'.
However, the gherkin step has 0 arguments.
Step text: it shows the process of the purchase completed successfully&#13;
io.cucumber.core.runner.PickleStepDefinitionMatch.arityMismatch(PickleStepDefinitionMatch.java:83)&#13;
io.cucumber.core.runner.PickleStepDefinitionMatch.runStep(PickleStepDefinitionMatch.java:42)&#13;
io.cucumber.core.runner.TestStep.executeStep(TestStep.java:86)&#13;
io.cucumber.core.runner.TestStep.run(TestStep.java:57)&#13;
io.cucumber.core.runner.PickleStepTestStep.run(PickleStepTestStep.java:51)&#13;
io.cucumber.core.runner.TestCase.run(TestCase.java:95)&#13;
io.cucumber.core.runner.Runner.runPickle(Runner.java:75)&#13;
io.cucumber.core.runtime.CucumberExecutionContext.lambda$runTestCase$3(CucumberExecutionContext.java:151)&#13;
io.cucumber.core.runtime.RethrowingThrowableCollector.executeAndThrow(RethrowingThrowableCollector.java:23)&#13;
io.cucumber.core.runtime.CucumberExecutionContext.runTestCase(CucumberExecutionContext.java:151)&#13;
io.cucumber.junit.FeatureRunner.runChild(FeatureRunner.java:144)&#13;
io.cucumber.junit.FeatureRunner.runChild(FeatureRunner.java:28)&#13;
io.cucumber.junit.FeatureRunner.run(FeatureRunner.java:137)&#13;
io.cucumber.junit.CucumberSerenityRunner.runChild(CucumberSerenityRunner.java:259)&#13;
io.cucumber.junit.CucumberSerenityRunner.runChild(CucumberSerenityRunner.java:58)&#13;
</system-err></testcase></testsuite>